[33m❯[39m Building...
[32m✔[39m Building...
Application bundle generation failed. [1.252 seconds] - 2026-02-26T17:45:10.194Z

[1m[31m[31mX [41;31m[[41;97mERROR[41;31m][0m [1mNG3004: Unable to import symbol HomeComponent.
  The symbol is not exported from C:/Users/USER/Downloads/Veet/vet-app/src/app/app.component.ts.[0m [1m[35m[plugin angular-compiler][0m

    src/app/app.component.ngtypecheck.ts:0:0:
[37m      0 │ [32m[37m
        ╵ [32m^[0m

  The symbol is declared here.

    src/app/app.component.ts:378:0:
[37m      378 │ [32m@Component({[37m
          ╵ [32m~~~~~~~~~~~~[0m


[31mX [41;31m[[41;97mERROR[41;31m][0m [1mNG3004: Unable to import symbol HomeComponent.
  The symbol is not exported from C:/Users/USER/Downloads/Veet/vet-app/src/app/app.component.ts.[0m [1m[35m[plugin angular-compiler][0m

    src/app/app.component.ngtypecheck.ts:0:0:
[37m      0 │ [32m[37m
        ╵ [32m^[0m

  The symbol is declared here.

    src/app/app.component.ts:378:0:
[37m      378 │ [32m@Component({[37m
          ╵ [32m~~~~~~~~~~~~[0m


[31mX [41;31m[[41;97mERROR[41;31m][0m [1mNG3004: Unable to import symbol HomeComponent.
  The symbol is not exported from C:/Users/USER/Downloads/Veet/vet-app/src/app/app.component.ts.[0m [1m[35m[plugin angular-compiler][0m

    src/app/app.component.ngtypecheck.ts:0:0:
[37m      0 │ [32m[37m
        ╵ [32m^[0m

  The symbol is declared here.

    src/app/app.component.ts:378:0:
[37m      378 │ [32m@Component({[37m
          ╵ [32m~~~~~~~~~~~~[0m


[31mX [41;31m[[41;97mERROR[41;31m][0m [1mNG3004: Unable to import symbol HomeComponent.
  The symbol is not exported from C:/Users/USER/Downloads/Veet/vet-app/src/app/app.component.ts.[0m [1m[35m[plugin angular-compiler][0m

    src/app/app.component.ngtypecheck.ts:0:0:
[37m      0 │ [32m[37m
        ╵ [32m^[0m

  The symbol is declared here.

    src/app/app.component.ts:378:0:
[37m      378 │ [32m@Component({[37m
          ╵ [32m~~~~~~~~~~~~[0m


[31mX [41;31m[[41;97mERROR[41;31m][0m [1mNG3004: Unable to import symbol HomeComponent.
  The symbol is not exported from C:/Users/USER/Downloads/Veet/vet-app/src/app/app.component.ts.[0m [1m[35m[plugin angular-compiler][0m

    src/app/app.component.ngtypecheck.ts:0:0:
[37m      0 │ [32m[37m
        ╵ [32m^[0m

  The symbol is declared here.

    src/app/app.component.ts:378:0:
[37m      378 │ [32m@Component({[37m
          ╵ [32m~~~~~~~~~~~~[0m

[39m[22m
